<?xml version="1.0" encoding="UTF-8"?>
<testsuite xmlns:xsi="http://www.w3.org/2001/XMLSchema-instance" xsi:noNamespaceSchemaLocation="https://maven.apache.org/surefire/maven-surefire-plugin/xsd/surefire-test-report.xsd" name="testRunner.TestRunner" time="66.528" tests="3" errors="0" skipped="0" failures="0">
  <properties>
[...]
</properties>
  <testcase name="Add New Customer" classname="Customers" time="32.999"/>
  <testcase name="Search Customer by email" classname="Customers" time="16.124"/>
  <testcase name="Search Customer by firstname and lastname" classname="Customers" time="16.52"/>
</testsuite>